# JRE version: OpenJDK Runtime Environment (10.0.2+13) (build 10.0.2+13-Ubuntu-1ubuntu0.18.04.4)
# Java VM: OpenJDK 64-Bit Server VM (10.0.2+13-Ubuntu-1ubuntu0.18.04.4, mixed mode, tiered, compressed oops, g1 gc, linux-amd64)
Heap:
 garbage-first heap   total 262144K, used 69956K [0x00000000c0000000, 0x0000000100000000)
  region size 1024K, 7 young (7168K), 7 survivors (7168K)
 Metaspace       used 33242K, capacity 35994K, committed 36048K, reserved 1081344K
  class space    used 3235K, capacity 4043K, committed 4048K, reserved 1048576K
GC Heap History (10 events):
Event: 1.252 GC heap before
{Heap before GC invocations=3 (full 0):
 garbage-first heap   total 262144K, used 73080K [0x00000000c0000000, 0x0000000100000000)
  region size 1024K, 43 young (44032K), 7 survivors (7168K)
 Metaspace       used 13801K, capacity 14011K, committed 14080K, reserved 1062912K
  class space    used 1184K, capacity 1239K, committed 1280K, reserved 1048576K
}
Event: 1.262 GC heap after
{Heap after GC invocations=4 (full 0):
 garbage-first heap   total 262144K, used 50348K [0x00000000c0000000, 0x0000000100000000)
  region size 1024K, 6 young (6144K), 6 survivors (6144K)
 Metaspace       used 13801K, capacity 14011K, committed 14080K, reserved 1062912K
  class space    used 1184K, capacity 1239K, committed 1280K, reserved 1048576K
}
Event: 1.530 GC heap before
{Heap before GC invocations=4 (full 0):
 garbage-first heap   total 262144K, used 87212K [0x00000000c0000000, 0x0000000100000000)
  region size 1024K, 42 young (43008K), 6 survivors (6144K)
 Metaspace       used 15893K, capacity 16533K, committed 16768K, reserved 1064960K
  class space    used 1379K, capacity 1586K, committed 1664K, reserved 1048576K
}
Event: 1.535 GC heap after
{Heap after GC invocations=5 (full 0):
 garbage-first heap   total 262144K, used 55535K [0x00000000c0000000, 0x0000000100000000)
  region size 1024K, 5 young (5120K), 5 survivors (5120K)
 Metaspace       used 15893K, capacity 16533K, committed 16768K, reserved 1064960K
  class space    used 1379K, capacity 1586K, committed 1664K, reserved 1048576K
}
Event: 2.319 GC heap before
{Heap before GC invocations=5 (full 0):
 garbage-first heap   total 262144K, used 119023K [0x00000000c0000000, 0x0000000100000000)
  region size 1024K, 67 young (68608K), 5 survivors (5120K)
 Metaspace       used 18658K, capacity 19338K, committed 19584K, reserved 1067008K
  class space    used 1587K, capacity 1810K, committed 1920K, reserved 1048576K
}
Event: 2.336 GC heap after
{Heap after GC invocations=6 (full 0):
 garbage-first heap   total 262144K, used 64036K [0x00000000c0000000, 0x0000000100000000)
  region size 1024K, 9 young (9216K), 9 survivors (9216K)
 Metaspace       used 18658K, capacity 19338K, committed 19584K, reserved 1067008K
  class space    used 1587K, capacity 1810K, committed 1920K, reserved 1048576K
}
Event: 2.675 GC heap before
{Heap before GC invocations=6 (full 0):
 garbage-first heap   total 262144K, used 97828K [0x00000000c0000000, 0x0000000100000000)
  region size 1024K, 43 young (44032K), 9 survivors (9216K)
 Metaspace       used 20264K, capacity 21245K, committed 21296K, reserved 1069056K
  class space    used 1728K, capacity 2067K, committed 2096K, reserved 1048576K
}
Event: 2.681 GC heap after
{Heap after GC invocations=7 (full 0):
 garbage-first heap   total 262144K, used 70384K [0x00000000c0000000, 0x0000000100000000)
  region size 1024K, 12 young (12288K), 12 survivors (12288K)
 Metaspace       used 20264K, capacity 21245K, committed 21296K, reserved 1069056K
  class space    used 1728K, capacity 2067K, committed 2096K, reserved 1048576K
}
Event: 3.562 GC heap before
{Heap before GC invocations=8 (full 0):
 garbage-first heap   total 262144K, used 135920K [0x00000000c0000000, 0x0000000100000000)
  region size 1024K, 64 young (65536K), 12 survivors (12288K)
 Metaspace       used 33242K, capacity 35994K, committed 36048K, reserved 1081344K
  class space    used 3235K, capacity 4043K, committed 4048K, reserved 1048576K
}
Event: 3.571 GC heap after
{Heap after GC invocations=9 (full 0):
 garbage-first heap   total 262144K, used 69956K [0x00000000c0000000, 0x0000000100000000)
  region size 1024K, 7 young (7168K), 7 survivors (7168K)
 Metaspace       used 33242K, capacity 35994K, committed 36048K, reserved 1081344K
  class space    used 3235K, capacity 4043K, committed 4048K, reserved 1048576K
}

