# JRE version: OpenJDK Runtime Environment (10.0.2+13) (build 10.0.2+13-Ubuntu-1ubuntu0.18.04.4)
# Java VM: OpenJDK 64-Bit Server VM (10.0.2+13-Ubuntu-1ubuntu0.18.04.4, mixed mode, tiered, compressed oops, g1 gc, linux-amd64)
Heap:
 garbage-first heap   total 262144K, used 40966K [0x00000000c0000000, 0x0000000100000000)
  region size 1024K, 3 young (3072K), 2 survivors (2048K)
 Metaspace       used 33663K, capacity 36395K, committed 36712K, reserved 1081344K
  class space    used 3283K, capacity 4191K, committed 4296K, reserved 1048576K
GC Heap History (10 events):
Event: 2.410 GC heap before
{Heap before GC invocations=5 (full 0):
 garbage-first heap   total 262144K, used 112380K [0x00000000c0000000, 0x0000000100000000)
  region size 1024K, 59 young (60416K), 3 survivors (3072K)
 Metaspace       used 18650K, capacity 19338K, committed 19584K, reserved 1067008K
  class space    used 1587K, capacity 1810K, committed 1920K, reserved 1048576K
}
Event: 2.421 GC heap after
{Heap after GC invocations=6 (full 0):
 garbage-first heap   total 262144K, used 63339K [0x00000000c0000000, 0x0000000100000000)
  region size 1024K, 8 young (8192K), 8 survivors (8192K)
 Metaspace       used 18650K, capacity 19338K, committed 19584K, reserved 1067008K
  class space    used 1587K, capacity 1810K, committed 1920K, reserved 1048576K
}
Event: 2.840 GC heap before
{Heap before GC invocations=6 (full 0):
 garbage-first heap   total 262144K, used 104299K [0x00000000c0000000, 0x0000000100000000)
  region size 1024K, 49 young (50176K), 8 survivors (8192K)
 Metaspace       used 20296K, capacity 21245K, committed 21296K, reserved 1069056K
  class space    used 1728K, capacity 2067K, committed 2096K, reserved 1048576K
}
Event: 2.847 GC heap after
{Heap after GC invocations=7 (full 0):
 garbage-first heap   total 262144K, used 69982K [0x00000000c0000000, 0x0000000100000000)
  region size 1024K, 8 young (8192K), 8 survivors (8192K)
 Metaspace       used 20296K, capacity 21245K, committed 21296K, reserved 1069056K
  class space    used 1728K, capacity 2067K, committed 2096K, reserved 1048576K
}
Event: 3.866 GC heap before
{Heap before GC invocations=8 (full 0):
 garbage-first heap   total 262144K, used 127326K [0x00000000c0000000, 0x0000000100000000)
  region size 1024K, 58 young (59392K), 8 survivors (8192K)
 Metaspace       used 33093K, capacity 35834K, committed 35920K, reserved 1081344K
  class space    used 3205K, capacity 4011K, committed 4016K, reserved 1048576K
}
Event: 3.876 GC heap after
{Heap after GC invocations=9 (full 0):
 garbage-first heap   total 262144K, used 62527K [0x00000000c0000000, 0x0000000100000000)
  region size 1024K, 6 young (6144K), 6 survivors (6144K)
 Metaspace       used 33093K, capacity 35834K, committed 35920K, reserved 1081344K
  class space    used 3205K, capacity 4011K, committed 4016K, reserved 1048576K
}
Event: 3.912 GC heap before
{Heap before GC invocations=9 (full 0):
 garbage-first heap   total 262144K, used 63551K [0x00000000c0000000, 0x0000000100000000)
  region size 1024K, 8 young (8192K), 6 survivors (6144K)
 Metaspace       used 33397K, capacity 36122K, committed 36252K, reserved 1081344K
  class space    used 3248K, capacity 4043K, committed 4092K, reserved 1048576K
}
Event: 3.921 GC heap after
{Heap after GC invocations=10 (full 0):
 garbage-first heap   total 262144K, used 41062K [0x00000000c0000000, 0x0000000100000000)
  region size 1024K, 2 young (2048K), 2 survivors (2048K)
 Metaspace       used 33397K, capacity 36122K, committed 36252K, reserved 1081344K
  class space    used 3248K, capacity 4043K, committed 4092K, reserved 1048576K
}
Event: 3.952 GC heap before
{Heap before GC invocations=10 (full 0):
 garbage-first heap   total 262144K, used 42086K [0x00000000c0000000, 0x0000000100000000)
  region size 1024K, 4 young (4096K), 2 survivors (2048K)
 Metaspace       used 33584K, capacity 36347K, committed 36584K, reserved 1081344K
  class space    used 3272K, capacity 4155K, committed 4168K, reserved 1048576K
}
Event: 3.959 GC heap after
{Heap after GC invocations=11 (full 0):
 garbage-first heap   total 262144K, used 40966K [0x00000000c0000000, 0x0000000100000000)
  region size 1024K, 2 young (2048K), 2 survivors (2048K)
 Metaspace       used 33584K, capacity 36347K, committed 36584K, reserved 1081344K
  class space    used 3272K, capacity 4155K, committed 4168K, reserved 1048576K
}

